c:\users\epic\desktop\n\sexy external\x64\release\vc142.pdb
c:\users\epic\desktop\n\sexy external\x64\release\main.obj
c:\users\epic\desktop\n\sexy external\x64\release\imgui_widgets.obj
c:\users\epic\desktop\n\sexy external\x64\release\imgui_tables.obj
c:\users\epic\desktop\n\sexy external\x64\release\imgui_impl_win32.obj
c:\users\epic\desktop\n\sexy external\x64\release\imgui_impl_dx11.obj
c:\users\epic\desktop\n\sexy external\x64\release\imgui_draw.obj
c:\users\epic\desktop\n\sexy external\x64\release\imgui_demo.obj
c:\users\epic\desktop\n\sexy external\x64\release\imgui.obj
c:\users\epic\desktop\n\sexy external\x64\release\driver.obj
c:\users\epic\desktop\n\x64\release\sexy external.exe
c:\users\epic\desktop\n\sexy external\x64\release\sexy external.ipdb
c:\users\epic\desktop\n\sexy external\x64\release\sexy external.iobj
c:\users\epic\desktop\n\sexy external\x64\release\vc143.pdb
c:\users\epic\desktop\n\sexy external\x64\release\sexy external.tlog\cl.command.1.tlog
c:\users\epic\desktop\n\sexy external\x64\release\sexy external.tlog\cl.items.tlog
c:\users\epic\desktop\n\sexy external\x64\release\sexy external.tlog\cl.read.1.tlog
c:\users\epic\desktop\n\sexy external\x64\release\sexy external.tlog\cl.write.1.tlog
c:\users\epic\desktop\n\sexy external\x64\release\sexy external.tlog\link.command.1.tlog
c:\users\epic\desktop\n\sexy external\x64\release\sexy external.tlog\link.read.1.tlog
c:\users\epic\desktop\n\sexy external\x64\release\sexy external.tlog\link.write.1.tlog
